<?xml version="1.0" encoding="UTF-8"?>
<!-- Generated by org.testng.reporters.JUnitXMLReporter -->
<testsuite hostname="Cajetan-PC" ignored="0" name="SearchRegression" tests="1" failures="1" timestamp="29 Mar 2021 10:12:33 GMT" time="51.248" errors="0">
  <testcase name="runSearchTest" time="26.299" classname="simpliLearn.swiggyApplication.Search">
    <failure type="java.lang.AssertionError" message="expected [true] but found [false]">
      <![CDATA[java.lang.AssertionError: expected [true] but found [false]
at simpliLearn.swiggyApplication.Search.runSearchTest(Search.java:122)
... Removed 29 stack frames]]>
    </failure>
  </testcase> <!-- runSearchTest -->
</testsuite> <!-- SearchRegression -->
