<?xml version="1.0" encoding="UTF-8"?>
<testng-results skipped="0" failed="2" ignored="0" total="2" passed="0">
  <reporter-output>
  </reporter-output>
  <suite name="Regression_Swiggy" duration-ms="197630" started-at="2021-03-30T05:13:18Z" finished-at="2021-03-30T05:16:35Z">
    <groups>
    </groups>
    <test name="AccountLogin" duration-ms="197630" started-at="2021-03-30T05:13:18Z" finished-at="2021-03-30T05:16:35Z">
      <class name="simpliLearn.swiggyApplication.AccountLoginAndBuyFood">
        <test-method status="PASS" signature="setup()[pri:0, instance:simpliLearn.swiggyApplication.AccountLoginAndBuyFood@6b26e945]" name="setup" is-config="true" duration-ms="21368" started-at="2021-03-30T05:13:18Z" finished-at="2021-03-30T05:13:39Z">
          <reporter-output>
          </reporter-output>
        </test-method> <!-- setup -->
        <test-method status="FAIL" signature="runAccountLogin(java.lang.String)[pri:1, instance:simpliLearn.swiggyApplication.AccountLoginAndBuyFood@6b26e945]" name="runAccountLogin" duration-ms="176007" started-at="2021-03-30T05:13:39Z" finished-at="2021-03-30T05:16:35Z">
          <params>
            <param index="0">
              <value>
                <![CDATA[9619127329]]>
              </value>
            </param>
          </params>
          <exception class="java.util.InputMismatchException">
            <full-stacktrace>
              <![CDATA[java.util.InputMismatchException
at java.util.Scanner.throwFor(Scanner.java:864)
at java.util.Scanner.next(Scanner.java:1485)
at java.util.Scanner.nextInt(Scanner.java:2117)
at java.util.Scanner.nextInt(Scanner.java:2076)
at simpliLearn.swiggyApplication.AccountLoginAndBuyFood.runAccountLogin(AccountLoginAndBuyFood.java:111)
at sun.reflect.NativeMethodAccessorImpl.invoke0(Native Method)
at sun.reflect.NativeMethodAccessorImpl.invoke(NativeMethodAccessorImpl.java:62)
at sun.reflect.DelegatingMethodAccessorImpl.invoke(DelegatingMethodAccessorImpl.java:43)
at java.lang.reflect.Method.invoke(Method.java:498)
at org.testng.internal.MethodInvocationHelper.invokeMethod(MethodInvocationHelper.java:124)
at org.testng.internal.Invoker.invokeMethod(Invoker.java:583)
at org.testng.internal.Invoker.invokeTestMethod(Invoker.java:719)
at org.testng.internal.Invoker.invokeTestMethods(Invoker.java:989)
at org.testng.internal.TestMethodWorker.invokeTestMethods(TestMethodWorker.java:125)
at org.testng.internal.TestMethodWorker.run(TestMethodWorker.java:109)
at org.testng.TestRunner.privateRun(TestRunner.java:648)
at org.testng.TestRunner.run(TestRunner.java:505)
at org.testng.SuiteRunner.runTest(SuiteRunner.java:455)
at org.testng.SuiteRunner.runSequentially(SuiteRunner.java:450)
at org.testng.SuiteRunner.privateRun(SuiteRunner.java:415)
at org.testng.SuiteRunner.run(SuiteRunner.java:364)
at org.testng.SuiteRunnerWorker.runSuite(SuiteRunnerWorker.java:52)
at org.testng.SuiteRunnerWorker.run(SuiteRunnerWorker.java:84)
at org.testng.TestNG.runSuitesSequentially(TestNG.java:1208)
at org.testng.TestNG.runSuitesLocally(TestNG.java:1137)
at org.testng.TestNG.runSuites(TestNG.java:1049)
at org.testng.TestNG.run(TestNG.java:1017)
at org.apache.maven.surefire.testng.TestNGExecutor.run(TestNGExecutor.java:283)
at org.apache.maven.surefire.testng.TestNGXmlTestSuite.execute(TestNGXmlTestSuite.java:75)
at org.apache.maven.surefire.testng.TestNGProvider.invoke(TestNGProvider.java:120)
at org.apache.maven.surefire.booter.ForkedBooter.invokeProviderInSameClassLoader(ForkedBooter.java:384)
at org.apache.maven.surefire.booter.ForkedBooter.runSuitesInProcess(ForkedBooter.java:345)
at org.apache.maven.surefire.booter.ForkedBooter.execute(ForkedBooter.java:126)
at org.apache.maven.surefire.booter.ForkedBooter.main(ForkedBooter.java:418)
]]>
            </full-stacktrace>
          </exception> <!-- java.util.InputMismatchException -->
          <reporter-output>
          </reporter-output>
        </test-method> <!-- runAccountLogin -->
        <test-method status="FAIL" signature="buyFood(java.lang.String, java.lang.String)[pri:2, instance:simpliLearn.swiggyApplication.AccountLoginAndBuyFood@6b26e945]" name="buyFood" duration-ms="107" started-at="2021-03-30T05:16:35Z" finished-at="2021-03-30T05:16:35Z">
          <params>
            <param index="0">
              <value>
                <![CDATA[restaurant]]>
              </value>
            </param>
            <param index="1">
              <value>
                <![CDATA[Subway]]>
              </value>
            </param>
          </params>
          <exception class="org.openqa.selenium.NoSuchSessionException">
            <message>
              <![CDATA[A session is either terminated or not started
Build info: version: '3.141.59', revision: 'e82be7d358', time: '2018-11-14T08:17:03'
System info: host: 'CAJETAN-PC', ip: '172.17.240.1', os.name: 'Windows 10', os.arch: 'amd64', os.version: '10.0', java.version: '1.8.0_271'
Driver info: io.appium.java_client.android.AndroidDriver
Capabilities {appActivity: in.swiggy.android.activitie..., appPackage: in.swiggy.android, appWaitActivity: in.swiggy.android.activitie..., databaseEnabled: false, desired: {appActivity: in.swiggy.android.activitie..., appPackage: in.swiggy.android, appWaitActivity: in.swiggy.android.activitie..., deviceName: Galaxy A30s, ensureWebviewsHavePages: true, platformName: android, platformVersion: 10}, deviceApiLevel: 29, deviceManufacturer: samsung, deviceModel: SM-A307FN, deviceName: RZ8MC1GWJ0L, deviceScreenDensity: 280, deviceScreenSize: 720x1560, deviceUDID: RZ8MC1GWJ0L, ensureWebviewsHavePages: true, javascriptEnabled: true, locationContextEnabled: false, networkConnectionEnabled: true, pixelRatio: 1.75, platform: LINUX, platformName: Android, platformVersion: 10, statBarHeight: 53, takesScreenshot: true, viewportRect: {height: 1370, left: 0, top: 53, width: 720}, warnings: {}, webStorageEnabled: false}
Session ID: 00ee911b-f8e7-428f-bb6a-d713ada0e6ec
*** Element info: {Using=id, value=in.swiggy.android:id/bottom_bar_explore}]]>
            </message>
            <full-stacktrace>
              <![CDATA[org.openqa.selenium.NoSuchSessionException: A session is either terminated or not started
Build info: version: '3.141.59', revision: 'e82be7d358', time: '2018-11-14T08:17:03'
System info: host: 'CAJETAN-PC', ip: '172.17.240.1', os.name: 'Windows 10', os.arch: 'amd64', os.version: '10.0', java.version: '1.8.0_271'
Driver info: io.appium.java_client.android.AndroidDriver
Capabilities {appActivity: in.swiggy.android.activitie..., appPackage: in.swiggy.android, appWaitActivity: in.swiggy.android.activitie..., databaseEnabled: false, desired: {appActivity: in.swiggy.android.activitie..., appPackage: in.swiggy.android, appWaitActivity: in.swiggy.android.activitie..., deviceName: Galaxy A30s, ensureWebviewsHavePages: true, platformName: android, platformVersion: 10}, deviceApiLevel: 29, deviceManufacturer: samsung, deviceModel: SM-A307FN, deviceName: RZ8MC1GWJ0L, deviceScreenDensity: 280, deviceScreenSize: 720x1560, deviceUDID: RZ8MC1GWJ0L, ensureWebviewsHavePages: true, javascriptEnabled: true, locationContextEnabled: false, networkConnectionEnabled: true, pixelRatio: 1.75, platform: LINUX, platformName: Android, platformVersion: 10, statBarHeight: 53, takesScreenshot: true, viewportRect: {height: 1370, left: 0, top: 53, width: 720}, warnings: {}, webStorageEnabled: false}
Session ID: 00ee911b-f8e7-428f-bb6a-d713ada0e6ec
*** Element info: {Using=id, value=in.swiggy.android:id/bottom_bar_explore}
at sun.reflect.NativeConstructorAccessorImpl.newInstance0(Native Method)
at sun.reflect.NativeConstructorAccessorImpl.newInstance(NativeConstructorAccessorImpl.java:62)
at sun.reflect.DelegatingConstructorAccessorImpl.newInstance(DelegatingConstructorAccessorImpl.java:45)
at java.lang.reflect.Constructor.newInstance(Constructor.java:423)
at org.openqa.selenium.remote.http.W3CHttpResponseCodec.createException(W3CHttpResponseCodec.java:187)
at org.openqa.selenium.remote.http.W3CHttpResponseCodec.decode(W3CHttpResponseCodec.java:122)
at org.openqa.selenium.remote.http.W3CHttpResponseCodec.decode(W3CHttpResponseCodec.java:49)
at org.openqa.selenium.remote.HttpCommandExecutor.execute(HttpCommandExecutor.java:158)
at io.appium.java_client.remote.AppiumCommandExecutor.execute(AppiumCommandExecutor.java:239)
at org.openqa.selenium.remote.RemoteWebDriver.execute(RemoteWebDriver.java:552)
at io.appium.java_client.DefaultGenericMobileDriver.execute(DefaultGenericMobileDriver.java:42)
at io.appium.java_client.AppiumDriver.execute(AppiumDriver.java:1)
at io.appium.java_client.android.AndroidDriver.execute(AndroidDriver.java:1)
at org.openqa.selenium.remote.RemoteWebDriver.findElement(RemoteWebDriver.java:323)
at io.appium.java_client.DefaultGenericMobileDriver.findElement(DefaultGenericMobileDriver.java:62)
at io.appium.java_client.AppiumDriver.findElement(AppiumDriver.java:1)
at io.appium.java_client.android.AndroidDriver.findElement(AndroidDriver.java:1)
at org.openqa.selenium.remote.RemoteWebDriver.findElementById(RemoteWebDriver.java:372)
at io.appium.java_client.DefaultGenericMobileDriver.findElementById(DefaultGenericMobileDriver.java:70)
at io.appium.java_client.AppiumDriver.findElementById(AppiumDriver.java:1)
at io.appium.java_client.android.AndroidDriver.findElementById(AndroidDriver.java:1)
at simpliLearn.swiggyApplication.AccountLoginAndBuyFood.buyFood(AccountLoginAndBuyFood.java:134)
at sun.reflect.NativeMethodAccessorImpl.invoke0(Native Method)
at sun.reflect.NativeMethodAccessorImpl.invoke(NativeMethodAccessorImpl.java:62)
at sun.reflect.DelegatingMethodAccessorImpl.invoke(DelegatingMethodAccessorImpl.java:43)
at java.lang.reflect.Method.invoke(Method.java:498)
at org.testng.internal.MethodInvocationHelper.invokeMethod(MethodInvocationHelper.java:124)
at org.testng.internal.Invoker.invokeMethod(Invoker.java:583)
at org.testng.internal.Invoker.invokeTestMethod(Invoker.java:719)
at org.testng.internal.Invoker.invokeTestMethods(Invoker.java:989)
at org.testng.internal.TestMethodWorker.invokeTestMethods(TestMethodWorker.java:125)
at org.testng.internal.TestMethodWorker.run(TestMethodWorker.java:109)
at org.testng.TestRunner.privateRun(TestRunner.java:648)
at org.testng.TestRunner.run(TestRunner.java:505)
at org.testng.SuiteRunner.runTest(SuiteRunner.java:455)
at org.testng.SuiteRunner.runSequentially(SuiteRunner.java:450)
at org.testng.SuiteRunner.privateRun(SuiteRunner.java:415)
at org.testng.SuiteRunner.run(SuiteRunner.java:364)
at org.testng.SuiteRunnerWorker.runSuite(SuiteRunnerWorker.java:52)
at org.testng.SuiteRunnerWorker.run(SuiteRunnerWorker.java:84)
at org.testng.TestNG.runSuitesSequentially(TestNG.java:1208)
at org.testng.TestNG.runSuitesLocally(TestNG.java:1137)
at org.testng.TestNG.runSuites(TestNG.java:1049)
at org.testng.TestNG.run(TestNG.java:1017)
at org.apache.maven.surefire.testng.TestNGExecutor.run(TestNGExecutor.java:283)
at org.apache.maven.surefire.testng.TestNGXmlTestSuite.execute(TestNGXmlTestSuite.java:75)
at org.apache.maven.surefire.testng.TestNGProvider.invoke(TestNGProvider.java:120)
at org.apache.maven.surefire.booter.ForkedBooter.invokeProviderInSameClassLoader(ForkedBooter.java:384)
at org.apache.maven.surefire.booter.ForkedBooter.runSuitesInProcess(ForkedBooter.java:345)
at org.apache.maven.surefire.booter.ForkedBooter.execute(ForkedBooter.java:126)
at org.apache.maven.surefire.booter.ForkedBooter.main(ForkedBooter.java:418)
]]>
            </full-stacktrace>
          </exception> <!-- org.openqa.selenium.NoSuchSessionException -->
          <reporter-output>
          </reporter-output>
        </test-method> <!-- buyFood -->
        <test-method status="FAIL" signature="tearDown()[pri:0, instance:simpliLearn.swiggyApplication.AccountLoginAndBuyFood@6b26e945]" name="tearDown" is-config="true" duration-ms="65" started-at="2021-03-30T05:16:35Z" finished-at="2021-03-30T05:16:35Z">
          <exception class="org.openqa.selenium.NoSuchSessionException">
            <message>
              <![CDATA[A session is either terminated or not started
Build info: version: '3.141.59', revision: 'e82be7d358', time: '2018-11-14T08:17:03'
System info: host: 'CAJETAN-PC', ip: '172.17.240.1', os.name: 'Windows 10', os.arch: 'amd64', os.version: '10.0', java.version: '1.8.0_271'
Driver info: io.appium.java_client.android.AndroidDriver
Capabilities {appActivity: in.swiggy.android.activitie..., appPackage: in.swiggy.android, appWaitActivity: in.swiggy.android.activitie..., databaseEnabled: false, desired: {appActivity: in.swiggy.android.activitie..., appPackage: in.swiggy.android, appWaitActivity: in.swiggy.android.activitie..., deviceName: Galaxy A30s, ensureWebviewsHavePages: true, platformName: android, platformVersion: 10}, deviceApiLevel: 29, deviceManufacturer: samsung, deviceModel: SM-A307FN, deviceName: RZ8MC1GWJ0L, deviceScreenDensity: 280, deviceScreenSize: 720x1560, deviceUDID: RZ8MC1GWJ0L, ensureWebviewsHavePages: true, javascriptEnabled: true, locationContextEnabled: false, networkConnectionEnabled: true, pixelRatio: 1.75, platform: LINUX, platformName: Android, platformVersion: 10, statBarHeight: 53, takesScreenshot: true, viewportRect: {height: 1370, left: 0, top: 53, width: 720}, warnings: {}, webStorageEnabled: false}
Session ID: 00ee911b-f8e7-428f-bb6a-d713ada0e6ec]]>
            </message>
            <full-stacktrace>
              <![CDATA[org.openqa.selenium.NoSuchSessionException: A session is either terminated or not started
Build info: version: '3.141.59', revision: 'e82be7d358', time: '2018-11-14T08:17:03'
System info: host: 'CAJETAN-PC', ip: '172.17.240.1', os.name: 'Windows 10', os.arch: 'amd64', os.version: '10.0', java.version: '1.8.0_271'
Driver info: io.appium.java_client.android.AndroidDriver
Capabilities {appActivity: in.swiggy.android.activitie..., appPackage: in.swiggy.android, appWaitActivity: in.swiggy.android.activitie..., databaseEnabled: false, desired: {appActivity: in.swiggy.android.activitie..., appPackage: in.swiggy.android, appWaitActivity: in.swiggy.android.activitie..., deviceName: Galaxy A30s, ensureWebviewsHavePages: true, platformName: android, platformVersion: 10}, deviceApiLevel: 29, deviceManufacturer: samsung, deviceModel: SM-A307FN, deviceName: RZ8MC1GWJ0L, deviceScreenDensity: 280, deviceScreenSize: 720x1560, deviceUDID: RZ8MC1GWJ0L, ensureWebviewsHavePages: true, javascriptEnabled: true, locationContextEnabled: false, networkConnectionEnabled: true, pixelRatio: 1.75, platform: LINUX, platformName: Android, platformVersion: 10, statBarHeight: 53, takesScreenshot: true, viewportRect: {height: 1370, left: 0, top: 53, width: 720}, warnings: {}, webStorageEnabled: false}
Session ID: 00ee911b-f8e7-428f-bb6a-d713ada0e6ec
at sun.reflect.NativeConstructorAccessorImpl.newInstance0(Native Method)
at sun.reflect.NativeConstructorAccessorImpl.newInstance(NativeConstructorAccessorImpl.java:62)
at sun.reflect.DelegatingConstructorAccessorImpl.newInstance(DelegatingConstructorAccessorImpl.java:45)
at java.lang.reflect.Constructor.newInstance(Constructor.java:423)
at org.openqa.selenium.remote.http.W3CHttpResponseCodec.createException(W3CHttpResponseCodec.java:187)
at org.openqa.selenium.remote.http.W3CHttpResponseCodec.decode(W3CHttpResponseCodec.java:122)
at org.openqa.selenium.remote.http.W3CHttpResponseCodec.decode(W3CHttpResponseCodec.java:49)
at org.openqa.selenium.remote.HttpCommandExecutor.execute(HttpCommandExecutor.java:158)
at io.appium.java_client.remote.AppiumCommandExecutor.execute(AppiumCommandExecutor.java:239)
at org.openqa.selenium.remote.RemoteWebDriver.execute(RemoteWebDriver.java:552)
at io.appium.java_client.DefaultGenericMobileDriver.execute(DefaultGenericMobileDriver.java:46)
at io.appium.java_client.AppiumDriver.execute(AppiumDriver.java:1)
at io.appium.java_client.android.AndroidDriver.execute(AndroidDriver.java:1)
at org.openqa.selenium.remote.RemoteWebDriver.quit(RemoteWebDriver.java:452)
at simpliLearn.swiggyApplication.AccountLoginAndBuyFood.tearDown(AccountLoginAndBuyFood.java:300)
at sun.reflect.NativeMethodAccessorImpl.invoke0(Native Method)
at sun.reflect.NativeMethodAccessorImpl.invoke(NativeMethodAccessorImpl.java:62)
at sun.reflect.DelegatingMethodAccessorImpl.invoke(DelegatingMethodAccessorImpl.java:43)
at java.lang.reflect.Method.invoke(Method.java:498)
at org.testng.internal.MethodInvocationHelper.invokeMethod(MethodInvocationHelper.java:124)
at org.testng.internal.MethodInvocationHelper.invokeMethodConsideringTimeout(MethodInvocationHelper.java:59)
at org.testng.internal.Invoker.invokeConfigurationMethod(Invoker.java:458)
at org.testng.internal.Invoker.invokeConfigurations(Invoker.java:222)
at org.testng.internal.Invoker.invokeConfigurations(Invoker.java:142)
at org.testng.TestRunner.afterRun(TestRunner.java:725)
at org.testng.TestRunner.run(TestRunner.java:509)
at org.testng.SuiteRunner.runTest(SuiteRunner.java:455)
at org.testng.SuiteRunner.runSequentially(SuiteRunner.java:450)
at org.testng.SuiteRunner.privateRun(SuiteRunner.java:415)
at org.testng.SuiteRunner.run(SuiteRunner.java:364)
at org.testng.SuiteRunnerWorker.runSuite(SuiteRunnerWorker.java:52)
at org.testng.SuiteRunnerWorker.run(SuiteRunnerWorker.java:84)
at org.testng.TestNG.runSuitesSequentially(TestNG.java:1208)
at org.testng.TestNG.runSuitesLocally(TestNG.java:1137)
at org.testng.TestNG.runSuites(TestNG.java:1049)
at org.testng.TestNG.run(TestNG.java:1017)
at org.apache.maven.surefire.testng.TestNGExecutor.run(TestNGExecutor.java:283)
at org.apache.maven.surefire.testng.TestNGXmlTestSuite.execute(TestNGXmlTestSuite.java:75)
at org.apache.maven.surefire.testng.TestNGProvider.invoke(TestNGProvider.java:120)
at org.apache.maven.surefire.booter.ForkedBooter.invokeProviderInSameClassLoader(ForkedBooter.java:384)
at org.apache.maven.surefire.booter.ForkedBooter.runSuitesInProcess(ForkedBooter.java:345)
at org.apache.maven.surefire.booter.ForkedBooter.execute(ForkedBooter.java:126)
at org.apache.maven.surefire.booter.ForkedBooter.main(ForkedBooter.java:418)
]]>
            </full-stacktrace>
          </exception> <!-- org.openqa.selenium.NoSuchSessionException -->
          <reporter-output>
          </reporter-output>
        </test-method> <!-- tearDown -->
      </class> <!-- simpliLearn.swiggyApplication.AccountLoginAndBuyFood -->
    </test> <!-- AccountLogin -->
  </suite> <!-- Regression_Swiggy -->
</testng-results>
